2015-09-20 02:12:16,030 - Loaded System Directive: org.apache.velocity.runtime.directive.Evaluate
2015-09-20 02:12:16,031 - Loaded System Directive: org.apache.velocity.runtime.directive.Literal
2015-09-20 02:12:16,034 - Loaded System Directive: org.apache.velocity.runtime.directive.Macro
2015-09-20 02:12:16,036 - Loaded System Directive: org.apache.velocity.runtime.directive.Parse
2015-09-20 02:12:16,038 - Loaded System Directive: org.apache.velocity.runtime.directive.Include
2015-09-20 02:12:16,040 - Loaded System Directive: org.apache.velocity.runtime.directive.Foreach
2015-09-20 02:12:16,083 - Created '20' parsers.
2015-09-20 02:12:16,089 - Velocimacro : "velocimacro.library" is not set.  Trying default library: VM_global_library.vm
2015-09-20 02:12:16,090 - Velocimacro : Default library not found.
2015-09-20 02:12:16,090 - Velocimacro : allowInline = true : VMs can be defined inline in templates
2015-09-20 02:12:16,090 - Velocimacro : allowInlineToOverride = false : VMs defined inline may NOT replace previous VM definitions
2015-09-20 02:12:16,090 - Velocimacro : allowInlineLocal = false : VMs defined inline will be global in scope if allowed.
2015-09-20 02:12:16,090 - Velocimacro : autoload off : VM system will not automatically reload global library macros
2015-09-20 02:12:16,238 - Null reference [template 'build SystemUser_action_properties.js', line 1, column 5] : ${javaScript.packages} cannot be resolved.
2015-09-20 02:12:41,650 - Log4JLogChute initialized using file 'velocity.log'
2015-09-20 02:12:41,650 - Initializing Velocity, Calling init()...
2015-09-20 02:12:41,651 - Starting Apache Velocity v1.7 (compiled: 2010-11-19 12:14:37)
2015-09-20 02:12:41,651 - Default Properties File: org/apache/velocity/runtime/defaults/velocity.properties
2015-09-20 02:12:41,651 - Trying to use logger class org.apache.velocity.runtime.log.AvalonLogChute
2015-09-20 02:12:41,651 - Target log system for org.apache.velocity.runtime.log.AvalonLogChute is not available (java.lang.NoClassDefFoundError: org/apache/log/format/Formatter).  Falling back to next log system...
2015-09-20 02:12:41,651 - Trying to use logger class org.apache.velocity.runtime.log.Log4JLogChute
2015-09-20 02:12:41,651 - Using logger class org.apache.velocity.runtime.log.Log4JLogChute
2015-09-20 02:12:41,658 - ResourceLoader instantiated: org.apache.velocity.runtime.resource.loader.FileResourceLoader
2015-09-20 02:12:41,661 - Do unicode file recognition:  false
2015-09-20 02:12:41,661 - FileResourceLoader : adding path '.'
2015-09-20 02:12:41,676 - ResourceCache: initialized (class org.apache.velocity.runtime.resource.ResourceCacheImpl) with class java.util.Collections$SynchronizedMap cache map.
2015-09-20 02:12:41,678 - Loaded System Directive: org.apache.velocity.runtime.directive.Stop
2015-09-20 02:12:41,680 - Loaded System Directive: org.apache.velocity.runtime.directive.Define
2015-09-20 02:12:41,681 - Loaded System Directive: org.apache.velocity.runtime.directive.Break
2015-09-20 02:12:41,682 - Loaded System Directive: org.apache.velocity.runtime.directive.Evaluate
2015-09-20 02:12:41,683 - Loaded System Directive: org.apache.velocity.runtime.directive.Literal
2015-09-20 02:12:41,685 - Loaded System Directive: org.apache.velocity.runtime.directive.Macro
2015-09-20 02:12:41,692 - Loaded System Directive: org.apache.velocity.runtime.directive.Parse
2015-09-20 02:12:41,695 - Loaded System Directive: org.apache.velocity.runtime.directive.Include
2015-09-20 02:12:41,700 - Loaded System Directive: org.apache.velocity.runtime.directive.Foreach
2015-09-20 02:12:41,739 - Created '20' parsers.
2015-09-20 02:12:41,748 - Velocimacro : "velocimacro.library" is not set.  Trying default library: VM_global_library.vm
2015-09-20 02:12:41,748 - Velocimacro : Default library not found.
2015-09-20 02:12:41,748 - Velocimacro : allowInline = true : VMs can be defined inline in templates
2015-09-20 02:12:41,748 - Velocimacro : allowInlineToOverride = false : VMs defined inline may NOT replace previous VM definitions
2015-09-20 02:12:41,748 - Velocimacro : allowInlineLocal = false : VMs defined inline will be global in scope if allowed.
2015-09-20 02:12:41,748 - Velocimacro : autoload off : VM system will not automatically reload global library macros
2015-09-20 02:12:41,900 - Null reference [template 'build SystemUser_action_properties.js', line 1, column 5] : ${javaScript.packages} cannot be resolved.
2015-09-20 02:12:58,263 - Log4JLogChute initialized using file 'velocity.log'
2015-09-20 02:12:58,263 - Initializing Velocity, Calling init()...
2015-09-20 02:12:58,263 - Starting Apache Velocity v1.7 (compiled: 2010-11-19 12:14:37)
2015-09-20 02:12:58,263 - Default Properties File: org/apache/velocity/runtime/defaults/velocity.properties
2015-09-20 02:12:58,263 - Trying to use logger class org.apache.velocity.runtime.log.AvalonLogChute
2015-09-20 02:12:58,263 - Target log system for org.apache.velocity.runtime.log.AvalonLogChute is not available (java.lang.NoClassDefFoundError: org/apache/log/format/Formatter).  Falling back to next log system...
2015-09-20 02:12:58,263 - Trying to use logger class org.apache.velocity.runtime.log.Log4JLogChute
2015-09-20 02:12:58,263 - Using logger class org.apache.velocity.runtime.log.Log4JLogChute
2015-09-20 02:12:58,271 - ResourceLoader instantiated: org.apache.velocity.runtime.resource.loader.FileResourceLoader
2015-09-20 02:12:58,273 - Do unicode file recognition:  false
2015-09-20 02:12:58,273 - FileResourceLoader : adding path '.'
2015-09-20 02:12:58,291 - ResourceCache: initialized (class org.apache.velocity.runtime.resource.ResourceCacheImpl) with class java.util.Collections$SynchronizedMap cache map.
2015-09-20 02:12:58,294 - Loaded System Directive: org.apache.velocity.runtime.directive.Stop
2015-09-20 02:12:58,297 - Loaded System Directive: org.apache.velocity.runtime.directive.Define
2015-09-20 02:12:58,298 - Loaded System Directive: org.apache.velocity.runtime.directive.Break
2015-09-20 02:12:58,300 - Loaded System Directive: org.apache.velocity.runtime.directive.Evaluate
2015-09-20 02:12:58,301 - Loaded System Directive: org.apache.velocity.runtime.directive.Literal
2015-09-20 02:12:58,304 - Loaded System Directive: org.apache.velocity.runtime.directive.Macro
2015-09-20 02:12:58,307 - Loaded System Directive: org.apache.velocity.runtime.directive.Parse
2015-09-20 02:12:58,309 - Loaded System Directive: org.apache.velocity.runtime.directive.Include
2015-09-20 02:12:58,311 - Loaded System Directive: org.apache.velocity.runtime.directive.Foreach
2015-09-20 02:12:58,349 - Created '20' parsers.
2015-09-20 02:12:58,356 - Velocimacro : "velocimacro.library" is not set.  Trying default library: VM_global_library.vm
2015-09-20 02:12:58,356 - Velocimacro : Default library not found.
2015-09-20 02:12:58,357 - Velocimacro : allowInline = true : VMs can be defined inline in templates
2015-09-20 02:12:58,357 - Velocimacro : allowInlineToOverride = false : VMs defined inline may NOT replace previous VM definitions
2015-09-20 02:12:58,357 - Velocimacro : allowInlineLocal = false : VMs defined inline will be global in scope if allowed.
2015-09-20 02:12:58,357 - Velocimacro : autoload off : VM system will not automatically reload global library macros
2015-09-20 02:12:58,522 - Null reference [template 'build SystemUser_action_properties.js', line 1, column 5] : ${javaScript.packages} cannot be resolved.
2015-09-20 02:13:43,107 - Log4JLogChute initialized using file 'velocity.log'
2015-09-20 02:13:43,107 - Initializing Velocity, Calling init()...
2015-09-20 02:13:43,107 - Starting Apache Velocity v1.7 (compiled: 2010-11-19 12:14:37)
2015-09-20 02:13:43,107 - Default Properties File: org/apache/velocity/runtime/defaults/velocity.properties
2015-09-20 02:13:43,107 - Trying to use logger class org.apache.velocity.runtime.log.AvalonLogChute
2015-09-20 02:13:43,107 - Target log system for org.apache.velocity.runtime.log.AvalonLogChute is not available (java.lang.NoClassDefFoundError: org/apache/log/format/Formatter).  Falling back to next log system...
2015-09-20 02:13:43,107 - Trying to use logger class org.apache.velocity.runtime.log.Log4JLogChute
2015-09-20 02:13:43,108 - Using logger class org.apache.velocity.runtime.log.Log4JLogChute
2015-09-20 02:13:43,115 - ResourceLoader instantiated: org.apache.velocity.runtime.resource.loader.FileResourceLoader
2015-09-20 02:13:43,117 - Do unicode file recognition:  false
2015-09-20 02:13:43,117 - FileResourceLoader : adding path '.'
2015-09-20 02:13:43,135 - ResourceCache: initialized (class org.apache.velocity.runtime.resource.ResourceCacheImpl) with class java.util.Collections$SynchronizedMap cache map.
2015-09-20 02:13:43,138 - Loaded System Directive: org.apache.velocity.runtime.directive.Stop
2015-09-20 02:13:43,141 - Loaded System Directive: org.apache.velocity.runtime.directive.Define
2015-09-20 02:13:43,142 - Loaded System Directive: org.apache.velocity.runtime.directive.Break
2015-09-20 02:13:43,144 - Loaded System Directive: org.apache.velocity.runtime.directive.Evaluate
2015-09-20 02:13:43,145 - Loaded System Directive: org.apache.velocity.runtime.directive.Literal
2015-09-20 02:13:43,148 - Loaded System Directive: org.apache.velocity.runtime.directive.Macro
2015-09-20 02:13:43,151 - Loaded System Directive: org.apache.velocity.runtime.directive.Parse
2015-09-20 02:13:43,153 - Loaded System Directive: org.apache.velocity.runtime.directive.Include
2015-09-20 02:13:43,155 - Loaded System Directive: org.apache.velocity.runtime.directive.Foreach
2015-09-20 02:13:43,196 - Created '20' parsers.
2015-09-20 02:13:43,202 - Velocimacro : "velocimacro.library" is not set.  Trying default library: VM_global_library.vm
2015-09-20 02:13:43,203 - Velocimacro : Default library not found.
2015-09-20 02:13:43,203 - Velocimacro : allowInline = true : VMs can be defined inline in templates
2015-09-20 02:13:43,203 - Velocimacro : allowInlineToOverride = false : VMs defined inline may NOT replace previous VM definitions
2015-09-20 02:13:43,203 - Velocimacro : allowInlineLocal = false : VMs defined inline will be global in scope if allowed.
2015-09-20 02:13:43,203 - Velocimacro : autoload off : VM system will not automatically reload global library macros
2015-09-20 02:13:43,349 - Null reference [template 'build SystemUser_action_properties.js', line 1, column 5] : ${javaScript.packages} cannot be resolved.
2015-09-20 02:16:17,400 - Log4JLogChute initialized using file 'velocity.log'
2015-09-20 02:16:17,401 - Initializing Velocity, Calling init()...
2015-09-20 02:16:17,401 - Starting Apache Velocity v1.7 (compiled: 2010-11-19 12:14:37)
2015-09-20 02:16:17,401 - Default Properties File: org/apache/velocity/runtime/defaults/velocity.properties
2015-09-20 02:16:17,401 - Trying to use logger class org.apache.velocity.runtime.log.AvalonLogChute
2015-09-20 02:16:17,401 - Target log system for org.apache.velocity.runtime.log.AvalonLogChute is not available (java.lang.NoClassDefFoundError: org/apache/log/format/Formatter).  Falling back to next log system...
2015-09-20 02:16:17,401 - Trying to use logger class org.apache.velocity.runtime.log.Log4JLogChute
2015-09-20 02:16:17,401 - Using logger class org.apache.velocity.runtime.log.Log4JLogChute
2015-09-20 02:16:17,422 - ResourceLoader instantiated: org.apache.velocity.runtime.resource.loader.FileResourceLoader
2015-09-20 02:16:17,425 - Do unicode file recognition:  false
2015-09-20 02:16:17,425 - FileResourceLoader : adding path '.'
2015-09-20 02:16:17,457 - ResourceCache: initialized (class org.apache.velocity.runtime.resource.ResourceCacheImpl) with class java.util.Collections$SynchronizedMap cache map.
2015-09-20 02:16:17,461 - Loaded System Directive: org.apache.velocity.runtime.directive.Stop
2015-09-20 02:16:17,463 - Loaded System Directive: org.apache.velocity.runtime.directive.Define
2015-09-20 02:16:17,464 - Loaded System Directive: org.apache.velocity.runtime.directive.Break
2015-09-20 02:16:17,466 - Loaded System Directive: org.apache.velocity.runtime.directive.Evaluate
2015-09-20 02:16:17,467 - Loaded System Directive: org.apache.velocity.runtime.directive.Literal
2015-09-20 02:16:17,471 - Loaded System Directive: org.apache.velocity.runtime.directive.Macro
2015-09-20 02:16:17,473 - Loaded System Directive: org.apache.velocity.runtime.directive.Parse
2015-09-20 02:16:17,476 - Loaded System Directive: org.apache.velocity.runtime.directive.Include
2015-09-20 02:16:17,479 - Loaded System Directive: org.apache.velocity.runtime.directive.Foreach
2015-09-20 02:16:17,522 - Created '20' parsers.
2015-09-20 02:16:17,532 - Velocimacro : "velocimacro.library" is not set.  Trying default library: VM_global_library.vm
2015-09-20 02:16:17,533 - Velocimacro : Default library not found.
2015-09-20 02:16:17,533 - Velocimacro : allowInline = true : VMs can be defined inline in templates
2015-09-20 02:16:17,533 - Velocimacro : allowInlineToOverride = false : VMs defined inline may NOT replace previous VM definitions
2015-09-20 02:16:17,533 - Velocimacro : allowInlineLocal = false : VMs defined inline will be global in scope if allowed.
2015-09-20 02:16:17,533 - Velocimacro : autoload off : VM system will not automatically reload global library macros
2015-09-20 02:16:17,719 - Null reference [template 'build SystemUser_action_properties.js', line 1, column 5] : ${javaScript.packages} cannot be resolved.
2015-09-20 02:18:26,442 - Log4JLogChute initialized using file 'velocity.log'
2015-09-20 02:18:26,443 - Initializing Velocity, Calling init()...
2015-09-20 02:18:26,443 - Starting Apache Velocity v1.7 (compiled: 2010-11-19 12:14:37)
2015-09-20 02:18:26,443 - Default Properties File: org/apache/velocity/runtime/defaults/velocity.properties
2015-09-20 02:18:26,443 - Trying to use logger class org.apache.velocity.runtime.log.AvalonLogChute
2015-09-20 02:18:26,443 - Target log system for org.apache.velocity.runtime.log.AvalonLogChute is not available (java.lang.NoClassDefFoundError: org/apache/log/format/Formatter).  Falling back to next log system...
2015-09-20 02:18:26,443 - Trying to use logger class org.apache.velocity.runtime.log.Log4JLogChute
2015-09-20 02:18:26,443 - Using logger class org.apache.velocity.runtime.log.Log4JLogChute
2015-09-20 02:18:26,452 - ResourceLoader instantiated: org.apache.velocity.runtime.resource.loader.FileResourceLoader
2015-09-20 02:18:26,455 - Do unicode file recognition:  false
2015-09-20 02:18:26,455 - FileResourceLoader : adding path '.'
2015-09-20 02:18:26,473 - ResourceCache: initialized (class org.apache.velocity.runtime.resource.ResourceCacheImpl) with class java.util.Collections$SynchronizedMap cache map.
2015-09-20 02:18:26,477 - Loaded System Directive: org.apache.velocity.runtime.directive.Stop
2015-09-20 02:18:26,479 - Loaded System Directive: org.apache.velocity.runtime.directive.Define
2015-09-20 02:18:26,481 - Loaded System Directive: org.apache.velocity.runtime.directive.Break
2015-09-20 02:18:26,483 - Loaded System Directive: org.apache.velocity.runtime.directive.Evaluate
2015-09-20 02:18:26,484 - Loaded System Directive: org.apache.velocity.runtime.directive.Literal
2015-09-20 02:18:26,487 - Loaded System Directive: org.apache.velocity.runtime.directive.Macro
2015-09-20 02:18:26,490 - Loaded System Directive: org.apache.velocity.runtime.directive.Parse
2015-09-20 02:18:26,492 - Loaded System Directive: org.apache.velocity.runtime.directive.Include
2015-09-20 02:18:26,494 - Loaded System Directive: org.apache.velocity.runtime.directive.Foreach
2015-09-20 02:18:26,536 - Created '20' parsers.
2015-09-20 02:18:26,544 - Velocimacro : "velocimacro.library" is not set.  Trying default library: VM_global_library.vm
2015-09-20 02:18:26,544 - Velocimacro : Default library not found.
2015-09-20 02:18:26,544 - Velocimacro : allowInline = true : VMs can be defined inline in templates
2015-09-20 02:18:26,544 - Velocimacro : allowInlineToOverride = false : VMs defined inline may NOT replace previous VM definitions
2015-09-20 02:18:26,544 - Velocimacro : allowInlineLocal = false : VMs defined inline will be global in scope if allowed.
2015-09-20 02:18:26,545 - Velocimacro : autoload off : VM system will not automatically reload global library macros
2015-09-20 02:18:26,725 - Null reference [template 'build SystemUser_action_properties.js', line 1, column 5] : ${javaScript.packages} cannot be resolved.
2015-09-20 02:19:23,896 - Log4JLogChute initialized using file 'velocity.log'
2015-09-20 02:19:23,897 - Initializing Velocity, Calling init()...
2015-09-20 02:19:23,897 - Starting Apache Velocity v1.7 (compiled: 2010-11-19 12:14:37)
2015-09-20 02:19:23,897 - Default Properties File: org/apache/velocity/runtime/defaults/velocity.properties
2015-09-20 02:19:23,897 - Trying to use logger class org.apache.velocity.runtime.log.AvalonLogChute
2015-09-20 02:19:23,897 - Target log system for org.apache.velocity.runtime.log.AvalonLogChute is not available (java.lang.NoClassDefFoundError: org/apache/log/format/Formatter).  Falling back to next log system...
2015-09-20 02:19:23,897 - Trying to use logger class org.apache.velocity.runtime.log.Log4JLogChute
2015-09-20 02:19:23,897 - Using logger class org.apache.velocity.runtime.log.Log4JLogChute
2015-09-20 02:19:23,908 - ResourceLoader instantiated: org.apache.velocity.runtime.resource.loader.FileResourceLoader
2015-09-20 02:19:23,910 - Do unicode file recognition:  false
2015-09-20 02:19:23,910 - FileResourceLoader : adding path '.'
2015-09-20 02:19:23,933 - ResourceCache: initialized (class org.apache.velocity.runtime.resource.ResourceCacheImpl) with class java.util.Collections$SynchronizedMap cache map.
2015-09-20 02:19:23,936 - Loaded System Directive: org.apache.velocity.runtime.directive.Stop
2015-09-20 02:19:23,938 - Loaded System Directive: org.apache.velocity.runtime.directive.Define
2015-09-20 02:19:23,939 - Loaded System Directive: org.apache.velocity.runtime.directive.Break
2015-09-20 02:19:23,941 - Loaded System Directive: org.apache.velocity.runtime.directive.Evaluate
2015-09-20 02:19:23,942 - Loaded System Directive: org.apache.velocity.runtime.directive.Literal
2015-09-20 02:19:23,945 - Loaded System Directive: org.apache.velocity.runtime.directive.Macro
2015-09-20 02:19:23,948 - Loaded System Directive: org.apache.velocity.runtime.directive.Parse
2015-09-20 02:19:23,950 - Loaded System Directive: org.apache.velocity.runtime.directive.Include
2015-09-20 02:19:23,951 - Loaded System Directive: org.apache.velocity.runtime.directive.Foreach
2015-09-20 02:19:24,003 - Created '20' parsers.
2015-09-20 02:19:24,008 - Velocimacro : "velocimacro.library" is not set.  Trying default library: VM_global_library.vm
2015-09-20 02:19:24,008 - Velocimacro : Default library not found.
2015-09-20 02:19:24,008 - Velocimacro : allowInline = true : VMs can be defined inline in templates
2015-09-20 02:19:24,008 - Velocimacro : allowInlineToOverride = false : VMs defined inline may NOT replace previous VM definitions
2015-09-20 02:19:24,008 - Velocimacro : allowInlineLocal = false : VMs defined inline will be global in scope if allowed.
2015-09-20 02:19:24,008 - Velocimacro : autoload off : VM system will not automatically reload global library macros
2015-09-20 02:19:24,159 - Null reference [template 'build SystemUser_action_properties.js', line 1, column 5] : ${javaScript.packages} cannot be resolved.
2015-09-20 02:19:46,599 - Log4JLogChute initialized using file 'velocity.log'
2015-09-20 02:19:46,599 - Initializing Velocity, Calling init()...
2015-09-20 02:19:46,599 - Starting Apache Velocity v1.7 (compiled: 2010-11-19 12:14:37)
2015-09-20 02:19:46,599 - Default Properties File: org/apache/velocity/runtime/defaults/velocity.properties
2015-09-20 02:19:46,599 - Trying to use logger class org.apache.velocity.runtime.log.AvalonLogChute
2015-09-20 02:19:46,599 - Target log system for org.apache.velocity.runtime.log.AvalonLogChute is not available (java.lang.NoClassDefFoundError: org/apache/log/format/Formatter).  Falling back to next log system...
2015-09-20 02:19:46,599 - Trying to use logger class org.apache.velocity.runtime.log.Log4JLogChute
2015-09-20 02:19:46,599 - Using logger class org.apache.velocity.runtime.log.Log4JLogChute
2015-09-20 02:19:46,607 - ResourceLoader instantiated: org.apache.velocity.runtime.resource.loader.FileResourceLoader
2015-09-20 02:19:46,609 - Do unicode file recognition:  false
2015-09-20 02:19:46,609 - FileResourceLoader : adding path '.'
2015-09-20 02:19:46,626 - ResourceCache: initialized (class org.apache.velocity.runtime.resource.ResourceCacheImpl) with class java.util.Collections$SynchronizedMap cache map.
2015-09-20 02:19:46,629 - Loaded System Directive: org.apache.velocity.runtime.directive.Stop
2015-09-20 02:19:46,632 - Loaded System Directive: org.apache.velocity.runtime.directive.Define
2015-09-20 02:19:46,633 - Loaded System Directive: org.apache.velocity.runtime.directive.Break
2015-09-20 02:19:46,635 - Loaded System Directive: org.apache.velocity.runtime.directive.Evaluate
2015-09-20 02:19:46,636 - Loaded System Directive: org.apache.velocity.runtime.directive.Literal
2015-09-20 02:19:46,638 - Loaded System Directive: org.apache.velocity.runtime.directive.Macro
2015-09-20 02:19:46,641 - Loaded System Directive: org.apache.velocity.runtime.directive.Parse
2015-09-20 02:19:46,644 - Loaded System Directive: org.apache.velocity.runtime.directive.Include
2015-09-20 02:19:46,645 - Loaded System Directive: org.apache.velocity.runtime.directive.Foreach
2015-09-20 02:19:46,691 - Created '20' parsers.
2015-09-20 02:19:46,698 - Velocimacro : "velocimacro.library" is not set.  Trying default library: VM_global_library.vm
2015-09-20 02:19:46,698 - Velocimacro : Default library not found.
2015-09-20 02:19:46,698 - Velocimacro : allowInline = true : VMs can be defined inline in templates
2015-09-20 02:19:46,698 - Velocimacro : allowInlineToOverride = false : VMs defined inline may NOT replace previous VM definitions
2015-09-20 02:19:46,698 - Velocimacro : allowInlineLocal = false : VMs defined inline will be global in scope if allowed.
2015-09-20 02:19:46,698 - Velocimacro : autoload off : VM system will not automatically reload global library macros
2015-09-20 02:19:46,843 - Null reference [template 'build SystemUser_action_properties.js', line 1, column 5] : ${javaScript.packages} cannot be resolved.
2015-09-20 02:21:39,580 - Log4JLogChute initialized using file 'velocity.log'
2015-09-20 02:21:39,581 - Initializing Velocity, Calling init()...
2015-09-20 02:21:39,581 - Starting Apache Velocity v1.7 (compiled: 2010-11-19 12:14:37)
2015-09-20 02:21:39,581 - Default Properties File: org/apache/velocity/runtime/defaults/velocity.properties
2015-09-20 02:21:39,581 - Trying to use logger class org.apache.velocity.runtime.log.AvalonLogChute
2015-09-20 02:21:39,581 - Target log system for org.apache.velocity.runtime.log.AvalonLogChute is not available (java.lang.NoClassDefFoundError: org/apache/log/format/Formatter).  Falling back to next log system...
2015-09-20 02:21:39,581 - Trying to use logger class org.apache.velocity.runtime.log.Log4JLogChute
2015-09-20 02:21:39,581 - Using logger class org.apache.velocity.runtime.log.Log4JLogChute
2015-09-20 02:21:39,589 - ResourceLoader instantiated: org.apache.velocity.runtime.resource.loader.FileResourceLoader
2015-09-20 02:21:39,590 - Do unicode file recognition:  false
2015-09-20 02:21:39,591 - FileResourceLoader : adding path '.'
2015-09-20 02:21:39,604 - ResourceCache: initialized (class org.apache.velocity.runtime.resource.ResourceCacheImpl) with class java.util.Collections$SynchronizedMap cache map.
2015-09-20 02:21:39,606 - Loaded System Directive: org.apache.velocity.runtime.directive.Stop
2015-09-20 02:21:39,608 - Loaded System Directive: org.apache.velocity.runtime.directive.Define
2015-09-20 02:21:39,609 - Loaded System Directive: org.apache.velocity.runtime.directive.Break
2015-09-20 02:21:39,610 - Loaded System Directive: org.apache.velocity.runtime.directive.Evaluate
2015-09-20 02:21:39,611 - Loaded System Directive: org.apache.velocity.runtime.directive.Literal
2015-09-20 02:21:39,613 - Loaded System Directive: org.apache.velocity.runtime.directive.Macro
2015-09-20 02:21:39,615 - Loaded System Directive: org.apache.velocity.runtime.directive.Parse
2015-09-20 02:21:39,617 - Loaded System Directive: org.apache.velocity.runtime.directive.Include
2015-09-20 02:21:39,619 - Loaded System Directive: org.apache.velocity.runtime.directive.Foreach
2015-09-20 02:21:39,663 - Created '20' parsers.
2015-09-20 02:21:39,674 - Velocimacro : "velocimacro.library" is not set.  Trying default library: VM_global_library.vm
2015-09-20 02:21:39,674 - Velocimacro : Default library not found.
2015-09-20 02:21:39,674 - Velocimacro : allowInline = true : VMs can be defined inline in templates
2015-09-20 02:21:39,674 - Velocimacro : allowInlineToOverride = false : VMs defined inline may NOT replace previous VM definitions
2015-09-20 02:21:39,674 - Velocimacro : allowInlineLocal = false : VMs defined inline will be global in scope if allowed.
2015-09-20 02:21:39,674 - Velocimacro : autoload off : VM system will not automatically reload global library macros
2015-09-20 02:21:39,846 - Null reference [template 'build SystemUser_action_properties.js', line 1, column 5] : ${javaScript.packages} cannot be resolved.
2015-09-20 02:22:37,751 - Log4JLogChute initialized using file 'velocity.log'
2015-09-20 02:22:37,752 - Initializing Velocity, Calling init()...
2015-09-20 02:22:37,752 - Starting Apache Velocity v1.7 (compiled: 2010-11-19 12:14:37)
2015-09-20 02:22:37,752 - Default Properties File: org/apache/velocity/runtime/defaults/velocity.properties
2015-09-20 02:22:37,752 - Trying to use logger class org.apache.velocity.runtime.log.AvalonLogChute
2015-09-20 02:22:37,752 - Target log system for org.apache.velocity.runtime.log.AvalonLogChute is not available (java.lang.NoClassDefFoundError: org/apache/log/format/Formatter).  Falling back to next log system...
2015-09-20 02:22:37,752 - Trying to use logger class org.apache.velocity.runtime.log.Log4JLogChute
2015-09-20 02:22:37,752 - Using logger class org.apache.velocity.runtime.log.Log4JLogChute
2015-09-20 02:22:37,760 - ResourceLoader instantiated: org.apache.velocity.runtime.resource.loader.FileResourceLoader
2015-09-20 02:22:37,762 - Do unicode file recognition:  false
2015-09-20 02:22:37,762 - FileResourceLoader : adding path '.'
2015-09-20 02:22:37,784 - ResourceCache: initialized (class org.apache.velocity.runtime.resource.ResourceCacheImpl) with class java.util.Collections$SynchronizedMap cache map.
2015-09-20 02:22:37,787 - Loaded System Directive: org.apache.velocity.runtime.directive.Stop
2015-09-20 02:22:37,789 - Loaded System Directive: org.apache.velocity.runtime.directive.Define
2015-09-20 02:22:37,791 - Loaded System Directive: org.apache.velocity.runtime.directive.Break
2015-09-20 02:22:37,792 - Loaded System Directive: org.apache.velocity.runtime.directive.Evaluate
2015-09-20 02:22:37,794 - Loaded System Directive: org.apache.velocity.runtime.directive.Literal
2015-09-20 02:22:37,797 - Loaded System Directive: org.apache.velocity.runtime.directive.Macro
2015-09-20 02:22:37,800 - Loaded System Directive: org.apache.velocity.runtime.directive.Parse
2015-09-20 02:22:37,802 - Loaded System Directive: org.apache.velocity.runtime.directive.Include
2015-09-20 02:22:37,804 - Loaded System Directive: org.apache.velocity.runtime.directive.Foreach
2015-09-20 02:22:37,881 - Created '20' parsers.
2015-09-20 02:22:37,892 - Velocimacro : "velocimacro.library" is not set.  Trying default library: VM_global_library.vm
2015-09-20 02:22:37,892 - Velocimacro : Default library not found.
2015-09-20 02:22:37,892 - Velocimacro : allowInline = true : VMs can be defined inline in templates
2015-09-20 02:22:37,892 - Velocimacro : allowInlineToOverride = false : VMs defined inline may NOT replace previous VM definitions
2015-09-20 02:22:37,892 - Velocimacro : allowInlineLocal = false : VMs defined inline will be global in scope if allowed.
2015-09-20 02:22:37,892 - Velocimacro : autoload off : VM system will not automatically reload global library macros
2015-09-20 02:22:38,063 - Null reference [template 'build SystemUser_action_properties.js', line 1, column 5] : ${javaScript.packages} cannot be resolved.
2015-09-20 02:23:33,638 - Log4JLogChute initialized using file 'velocity.log'
2015-09-20 02:23:33,638 - Initializing Velocity, Calling init()...
2015-09-20 02:23:33,638 - Starting Apache Velocity v1.7 (compiled: 2010-11-19 12:14:37)
2015-09-20 02:23:33,638 - Default Properties File: org/apache/velocity/runtime/defaults/velocity.properties
2015-09-20 02:23:33,638 - Trying to use logger class org.apache.velocity.runtime.log.AvalonLogChute
2015-09-20 02:23:33,638 - Target log system for org.apache.velocity.runtime.log.AvalonLogChute is not available (java.lang.NoClassDefFoundError: org/apache/log/format/Formatter).  Falling back to next log system...
2015-09-20 02:23:33,638 - Trying to use logger class org.apache.velocity.runtime.log.Log4JLogChute
2015-09-20 02:23:33,638 - Using logger class org.apache.velocity.runtime.log.Log4JLogChute
2015-09-20 02:23:33,647 - ResourceLoader instantiated: org.apache.velocity.runtime.resource.loader.FileResourceLoader
2015-09-20 02:23:33,649 - Do unicode file recognition:  false
2015-09-20 02:23:33,649 - FileResourceLoader : adding path '.'
2015-09-20 02:23:33,664 - ResourceCache: initialized (class org.apache.velocity.runtime.resource.ResourceCacheImpl) with class java.util.Collections$SynchronizedMap cache map.
2015-09-20 02:23:33,666 - Loaded System Directive: org.apache.velocity.runtime.directive.Stop
2015-09-20 02:23:33,668 - Loaded System Directive: org.apache.velocity.runtime.directive.Define
2015-09-20 02:23:33,669 - Loaded System Directive: org.apache.velocity.runtime.directive.Break
2015-09-20 02:23:33,670 - Loaded System Directive: org.apache.velocity.runtime.directive.Evaluate
2015-09-20 02:23:33,671 - Loaded System Directive: org.apache.velocity.runtime.directive.Literal
2015-09-20 02:23:33,673 - Loaded System Directive: org.apache.velocity.runtime.directive.Macro
2015-09-20 02:23:33,675 - Loaded System Directive: org.apache.velocity.runtime.directive.Parse
2015-09-20 02:23:33,676 - Loaded System Directive: org.apache.velocity.runtime.directive.Include
2015-09-20 02:23:33,678 - Loaded System Directive: org.apache.velocity.runtime.directive.Foreach
2015-09-20 02:23:33,709 - Created '20' parsers.
2015-09-20 02:23:33,716 - Velocimacro : "velocimacro.library" is not set.  Trying default library: VM_global_library.vm
2015-09-20 02:23:33,716 - Velocimacro : Default library not found.
2015-09-20 02:23:33,716 - Velocimacro : allowInline = true : VMs can be defined inline in templates
2015-09-20 02:23:33,716 - Velocimacro : allowInlineToOverride = false : VMs defined inline may NOT replace previous VM definitions
2015-09-20 02:23:33,716 - Velocimacro : allowInlineLocal = false : VMs defined inline will be global in scope if allowed.
2015-09-20 02:23:33,716 - Velocimacro : autoload off : VM system will not automatically reload global library macros
2015-09-20 02:23:33,847 - Null reference [template 'build SystemUser_action_properties.js', line 1, column 5] : ${javaScript.packages} cannot be resolved.
2015-09-20 02:30:17,832 - Log4JLogChute initialized using file 'velocity.log'
2015-09-20 02:30:17,833 - Initializing Velocity, Calling init()...
2015-09-20 02:30:17,833 - Starting Apache Velocity v1.7 (compiled: 2010-11-19 12:14:37)
2015-09-20 02:30:17,833 - Default Properties File: org/apache/velocity/runtime/defaults/velocity.properties
2015-09-20 02:30:17,833 - Trying to use logger class org.apache.velocity.runtime.log.AvalonLogChute
2015-09-20 02:30:17,834 - Target log system for org.apache.velocity.runtime.log.AvalonLogChute is not available (java.lang.NoClassDefFoundError: org/apache/log/format/Formatter).  Falling back to next log system...
2015-09-20 02:30:17,834 - Trying to use logger class org.apache.velocity.runtime.log.Log4JLogChute
2015-09-20 02:30:17,834 - Using logger class org.apache.velocity.runtime.log.Log4JLogChute
2015-09-20 02:30:17,844 - ResourceLoader instantiated: org.apache.velocity.runtime.resource.loader.FileResourceLoader
2015-09-20 02:30:17,846 - Do unicode file recognition:  false
2015-09-20 02:30:17,846 - FileResourceLoader : adding path '.'
2015-09-20 02:30:17,864 - ResourceCache: initialized (class org.apache.velocity.runtime.resource.ResourceCacheImpl) with class java.util.Collections$SynchronizedMap cache map.
2015-09-20 02:30:17,867 - Loaded System Directive: org.apache.velocity.runtime.directive.Stop
2015-09-20 02:30:17,869 - Loaded System Directive: org.apache.velocity.runtime.directive.Define
2015-09-20 02:30:17,871 - Loaded System Directive: org.apache.velocity.runtime.directive.Break
2015-09-20 02:30:17,872 - Loaded System Directive: org.apache.velocity.runtime.directive.Evaluate
2015-09-20 02:30:17,874 - Loaded System Directive: org.apache.velocity.runtime.directive.Literal
2015-09-20 02:30:17,876 - Loaded System Directive: org.apache.velocity.runtime.directive.Macro
2015-09-20 02:30:17,879 - Loaded System Directive: org.apache.velocity.runtime.directive.Parse
2015-09-20 02:30:17,881 - Loaded System Directive: org.apache.velocity.runtime.directive.Include
2015-09-20 02:30:17,883 - Loaded System Directive: org.apache.velocity.runtime.directive.Foreach
2015-09-20 02:30:17,920 - Created '20' parsers.
2015-09-20 02:30:17,927 - Velocimacro : "velocimacro.library" is not set.  Trying default library: VM_global_library.vm
2015-09-20 02:30:17,927 - Velocimacro : Default library not found.
2015-09-20 02:30:17,927 - Velocimacro : allowInline = true : VMs can be defined inline in templates
2015-09-20 02:30:17,927 - Velocimacro : allowInlineToOverride = false : VMs defined inline may NOT replace previous VM definitions
2015-09-20 02:30:17,927 - Velocimacro : allowInlineLocal = false : VMs defined inline will be global in scope if allowed.
2015-09-20 02:30:17,927 - Velocimacro : autoload off : VM system will not automatically reload global library macros
2015-09-20 02:30:18,074 - Null reference [template 'build SystemUser_action_properties.js', line 1, column 5] : ${javaScript.packages} cannot be resolved.
2015-09-20 02:30:18,084 - Null reference [template 'build SystemUser_create_windows.js', line 1, column 10] : ${javaScript.packages} cannot be resolved.
2015-09-20 02:30:18,084 - Null reference [template 'build SystemUser_create_windows.js', line 5, column 13] : ${javaScript.packages} cannot be resolved.
2015-09-20 02:30:18,084 - Null reference [template 'build SystemUser_create_windows.js', line 92, column 13] : ${javaScript.packages} cannot be resolved.
2015-09-20 02:30:18,084 - Null reference [template 'build SystemUser_create_windows.js', line 92, column 56] : ${javaScript.packages} cannot be resolved.
2015-09-20 02:30:18,084 - Null reference [template 'build SystemUser_create_windows.js', line 92, column 110] : ${javaScript.packages} cannot be resolved.
2015-09-20 02:30:18,087 - Null reference [template 'build SystemUser_index.js', line 1, column 17] : ${javaScript.packages} cannot be resolved.
2015-09-20 02:30:18,087 - Null reference [template 'build SystemUser_index.js', line 8, column 26] : ${javaScript.packages} cannot be resolved.
2015-09-20 02:30:18,087 - Null reference [template 'build SystemUser_index.js', line 10, column 26] : ${javaScript.packages} cannot be resolved.
2015-09-20 02:30:18,087 - Null reference [template 'build SystemUser_index.js', line 19, column 41] : ${javaScript.packages} cannot be resolved.
2015-09-20 02:30:18,088 - Null reference [template 'build SystemUser_index.js', line 30, column 42] : ${javaScript.packages} cannot be resolved.
2015-09-20 02:30:18,088 - Null reference [template 'build SystemUser_index.js', line 41, column 43] : ${javaScript.packages} cannot be resolved.
2015-09-20 02:30:18,088 - Null reference [template 'build SystemUser_index.js', line 51, column 60] : ${javaScript.packages} cannot be resolved.
2015-09-20 02:30:18,088 - Null reference [template 'build SystemUser_index.js', line 53, column 55] : ${javaScript.packages} cannot be resolved.
2015-09-20 02:30:18,088 - Null reference [template 'build SystemUser_index.js', line 84, column 28] : ${javaScript.packages} cannot be resolved.
2015-09-20 02:30:18,090 - Null reference [template 'build SystemUser_save_update_windows.js', line 1, column 10] : ${javaScript.packages} cannot be resolved.
2015-09-20 02:30:18,092 - Null reference [template 'build SystemUser_search_action_properties.js', line 4, column 6] : ${javaScript.packages} cannot be resolved.
2015-09-20 02:30:18,094 - Null reference [template 'build SystemUser_search_windows.js', line 1, column 10] : ${javaScript.packages} cannot be resolved.
2015-09-20 02:30:18,098 - Null reference [template 'build SystemUser_update_windows.js', line 1, column 10] : ${javaScript.packages} cannot be resolved.
2015-09-20 02:30:18,098 - Null reference [template 'build SystemUser_update_windows.js', line 19, column 13] : ${javaScript.packages} cannot be resolved.
2015-09-20 02:30:18,098 - Null reference [template 'build SystemUser_update_windows.js', line 114, column 13] : ${javaScript.packages} cannot be resolved.
2015-09-20 02:30:18,098 - Null reference [template 'build SystemUser_update_windows.js', line 114, column 56] : ${javaScript.packages} cannot be resolved.
2015-09-20 02:30:18,098 - Null reference [template 'build SystemUser_update_windows.js', line 114, column 110] : ${javaScript.packages} cannot be resolved.
2015-09-20 02:30:18,099 - Null reference [template 'build SystemUser_update_windows.js', line 116, column 17] : ${javaScript.packages} cannot be resolved.
2015-09-20 02:36:23,595 - Log4JLogChute initialized using file 'velocity.log'
2015-09-20 02:36:23,596 - Initializing Velocity, Calling init()...
2015-09-20 02:36:23,596 - Starting Apache Velocity v1.7 (compiled: 2010-11-19 12:14:37)
2015-09-20 02:36:23,596 - Default Properties File: org/apache/velocity/runtime/defaults/velocity.properties
2015-09-20 02:36:23,596 - Trying to use logger class org.apache.velocity.runtime.log.AvalonLogChute
2015-09-20 02:36:23,596 - Target log system for org.apache.velocity.runtime.log.AvalonLogChute is not available (java.lang.NoClassDefFoundError: org/apache/log/format/Formatter).  Falling back to next log system...
2015-09-20 02:36:23,596 - Trying to use logger class org.apache.velocity.runtime.log.Log4JLogChute
2015-09-20 02:36:23,596 - Using logger class org.apache.velocity.runtime.log.Log4JLogChute
2015-09-20 02:36:23,602 - ResourceLoader instantiated: org.apache.velocity.runtime.resource.loader.FileResourceLoader
2015-09-20 02:36:23,604 - Do unicode file recognition:  false
2015-09-20 02:36:23,604 - FileResourceLoader : adding path '.'
2015-09-20 02:36:23,619 - ResourceCache: initialized (class org.apache.velocity.runtime.resource.ResourceCacheImpl) with class java.util.Collections$SynchronizedMap cache map.
2015-09-20 02:36:23,622 - Loaded System Directive: org.apache.velocity.runtime.directive.Stop
2015-09-20 02:36:23,624 - Loaded System Directive: org.apache.velocity.runtime.directive.Define
2015-09-20 02:36:23,624 - Loaded System Directive: org.apache.velocity.runtime.directive.Break
2015-09-20 02:36:23,626 - Loaded System Directive: org.apache.velocity.runtime.directive.Evaluate
2015-09-20 02:36:23,627 - Loaded System Directive: org.apache.velocity.runtime.directive.Literal
2015-09-20 02:36:23,629 - Loaded System Directive: org.apache.velocity.runtime.directive.Macro
2015-09-20 02:36:23,631 - Loaded System Directive: org.apache.velocity.runtime.directive.Parse
2015-09-20 02:36:23,633 - Loaded System Directive: org.apache.velocity.runtime.directive.Include
2015-09-20 02:36:23,635 - Loaded System Directive: org.apache.velocity.runtime.directive.Foreach
2015-09-20 02:36:23,679 - Created '20' parsers.
2015-09-20 02:36:23,695 - Velocimacro : "velocimacro.library" is not set.  Trying default library: VM_global_library.vm
2015-09-20 02:36:23,695 - Velocimacro : Default library not found.
2015-09-20 02:36:23,695 - Velocimacro : allowInline = true : VMs can be defined inline in templates
2015-09-20 02:36:23,695 - Velocimacro : allowInlineToOverride = false : VMs defined inline may NOT replace previous VM definitions
2015-09-20 02:36:23,695 - Velocimacro : allowInlineLocal = false : VMs defined inline will be global in scope if allowed.
2015-09-20 02:36:23,695 - Velocimacro : autoload off : VM system will not automatically reload global library macros
2015-09-20 02:36:23,866 - Null reference [template 'build SystemUser_update_windows.js', line 1, column 10] : ${javaScript.packages} cannot be resolved.
2015-09-20 02:36:23,866 - Null reference [template 'build SystemUser_update_windows.js', line 114, column 13] : ${javaScript.packages} cannot be resolved.
2015-09-20 02:36:23,866 - Null reference [template 'build SystemUser_update_windows.js', line 114, column 56] : ${javaScript.packages} cannot be resolved.
2015-09-20 02:36:23,866 - Null reference [template 'build SystemUser_update_windows.js', line 114, column 110] : ${javaScript.packages} cannot be resolved.
2015-09-20 02:36:23,866 - Null reference [template 'build SystemUser_update_windows.js', line 116, column 17] : ${javaScript.packages} cannot be resolved.
2015-09-20 02:37:39,979 - Log4JLogChute initialized using file 'velocity.log'
2015-09-20 02:37:39,980 - Initializing Velocity, Calling init()...
2015-09-20 02:37:39,980 - Starting Apache Velocity v1.7 (compiled: 2010-11-19 12:14:37)
2015-09-20 02:37:39,980 - Default Properties File: org/apache/velocity/runtime/defaults/velocity.properties
2015-09-20 02:37:39,980 - Trying to use logger class org.apache.velocity.runtime.log.AvalonLogChute
2015-09-20 02:37:39,980 - Target log system for org.apache.velocity.runtime.log.AvalonLogChute is not available (java.lang.NoClassDefFoundError: org/apache/log/format/Formatter).  Falling back to next log system...
2015-09-20 02:37:39,981 - Trying to use logger class org.apache.velocity.runtime.log.Log4JLogChute
2015-09-20 02:37:39,981 - Using logger class org.apache.velocity.runtime.log.Log4JLogChute
2015-09-20 02:37:39,989 - ResourceLoader instantiated: org.apache.velocity.runtime.resource.loader.FileResourceLoader
2015-09-20 02:37:39,991 - Do unicode file recognition:  false
2015-09-20 02:37:39,991 - FileResourceLoader : adding path '.'
2015-09-20 02:37:40,012 - ResourceCache: initialized (class org.apache.velocity.runtime.resource.ResourceCacheImpl) with class java.util.Collections$SynchronizedMap cache map.
2015-09-20 02:37:40,015 - Loaded System Directive: org.apache.velocity.runtime.directive.Stop
2015-09-20 02:37:40,018 - Loaded System Directive: org.apache.velocity.runtime.directive.Define
2015-09-20 02:37:40,019 - Loaded System Directive: org.apache.velocity.runtime.directive.Break
2015-09-20 02:37:40,021 - Loaded System Directive: org.apache.velocity.runtime.directive.Evaluate
2015-09-20 02:37:40,022 - Loaded System Directive: org.apache.velocity.runtime.directive.Literal
2015-09-20 02:37:40,025 - Loaded System Directive: org.apache.velocity.runtime.directive.Macro
2015-09-20 02:37:40,028 - Loaded System Directive: org.apache.velocity.runtime.directive.Parse
2015-09-20 02:37:40,031 - Loaded System Directive: org.apache.velocity.runtime.directive.Include
2015-09-20 02:37:40,032 - Loaded System Directive: org.apache.velocity.runtime.directive.Foreach
2015-09-20 02:37:40,077 - Created '20' parsers.
2015-09-20 02:37:40,086 - Velocimacro : "velocimacro.library" is not set.  Trying default library: VM_global_library.vm
2015-09-20 02:37:40,086 - Velocimacro : Default library not found.
2015-09-20 02:37:40,086 - Velocimacro : allowInline = true : VMs can be defined inline in templates
2015-09-20 02:37:40,086 - Velocimacro : allowInlineToOverride = false : VMs defined inline may NOT replace previous VM definitions
2015-09-20 02:37:40,086 - Velocimacro : allowInlineLocal = false : VMs defined inline will be global in scope if allowed.
2015-09-20 02:37:40,086 - Velocimacro : autoload off : VM system will not automatically reload global library macros
2015-09-20 02:37:40,242 - Null reference [template 'build SystemUser_update_windows.js', line 1, column 10] : ${javaScript.packages} cannot be resolved.
2015-09-20 02:37:40,242 - Null reference [template 'build SystemUser_update_windows.js', line 114, column 13] : ${javaScript.packages} cannot be resolved.
2015-09-20 02:37:40,242 - Null reference [template 'build SystemUser_update_windows.js', line 114, column 56] : ${javaScript.packages} cannot be resolved.
2015-09-20 02:37:40,242 - Null reference [template 'build SystemUser_update_windows.js', line 114, column 110] : ${javaScript.packages} cannot be resolved.
2015-09-20 02:37:40,242 - Null reference [template 'build SystemUser_update_windows.js', line 116, column 17] : ${javaScript.packages} cannot be resolved.
